2015-02-10 17:19:08+0800 [scrapy] INFO: Scrapy 0.24.4 started (bot: ScrapyNews)
2015-02-10 17:19:08+0800 [scrapy] INFO: Optional features available: ssl, http11, django
2015-02-10 17:19:08+0800 [scrapy] INFO: Overridden settings: {'NEWSPIDER_MODULE': 'ScrapyNews.spiders', 'FEED_URI': 'items/ScrapyNews/dunkhome/dc7798d1b10511e4b16f80e6501dd8f6.jl', 'SPIDER_MODULES': ['ScrapyNews.spiders'], 'BOT_NAME': 'ScrapyNews', 'COMMANDS_MODULE': 'ScrapyNews.commands', 'LOG_FILE': 'logs/ScrapyNews/dunkhome/dc7798d1b10511e4b16f80e6501dd8f6.log'}
2015-02-10 17:19:08+0800 [scrapy] INFO: Enabled extensions: FeedExporter, LogStats, TelnetConsole, CloseSpider, WebService, CoreStats, SpiderState
2015-02-10 17:19:08+0800 [scrapy] INFO: Enabled downloader middlewares: HttpAuthMiddleware, DownloadTimeoutMiddleware, UserAgentMiddleware, RetryMiddleware, DefaultHeadersMiddleware, MetaRefreshMiddleware, HttpCompressionMiddleware, RedirectMiddleware, CookiesMiddleware, ChunkedTransferMiddleware, DownloaderStats
2015-02-10 17:19:08+0800 [scrapy] INFO: Enabled spider middlewares: HttpErrorMiddleware, OffsiteMiddleware, RefererMiddleware, UrlLengthMiddleware, DepthMiddleware
2015-02-10 17:19:08+0800 [scrapy] INFO: Enabled item pipelines: ScrapyNewsPipeline
2015-02-10 17:19:08+0800 [dunkhome] INFO: Spider opened
2015-02-10 17:19:08+0800 [dunkhome] INFO: Crawled 0 pages (at 0 pages/min), scraped 0 items (at 0 items/min)
2015-02-10 17:19:08+0800 [scrapy] DEBUG: Telnet console listening on 127.0.0.1:6035
2015-02-10 17:19:08+0800 [scrapy] DEBUG: Web service listening on 127.0.0.1:6092
2015-02-10 17:19:09+0800 [dunkhome] DEBUG: Crawled (200) <GET http://www.dunkhome.com/> (referer: None)
2015-02-10 17:19:09+0800 [dunkhome] INFO: Closing spider (finished)
2015-02-10 17:19:09+0800 [dunkhome] INFO: Dumping Scrapy stats:
	{'downloader/request_bytes': 215,
	 'downloader/request_count': 1,
	 'downloader/request_method_count/GET': 1,
	 'downloader/response_bytes': 49787,
	 'downloader/response_count': 1,
	 'downloader/response_status_count/200': 1,
	 'finish_reason': 'finished',
	 'finish_time': datetime.datetime(2015, 2, 10, 9, 19, 9, 637507),
	 'log_count/DEBUG': 3,
	 'log_count/INFO': 7,
	 'response_received_count': 1,
	 'scheduler/dequeued': 1,
	 'scheduler/dequeued/memory': 1,
	 'scheduler/enqueued': 1,
	 'scheduler/enqueued/memory': 1,
	 'start_time': datetime.datetime(2015, 2, 10, 9, 19, 8, 834727)}
2015-02-10 17:19:09+0800 [dunkhome] INFO: Spider closed (finished)
